This file contains any messages produced by compilers while
running configure, to aid debugging if configure makes a mistake.

It was created by MineClone configure 0.1, which was
generated by GNU Autoconf 2.69.  Invocation command line was

  $ ./configure 

## --------- ##
## Platform. ##
## --------- ##

hostname = linux-pos
uname -m = x86_64
uname -r = 3.13.0-45-generic
uname -s = Linux
uname -v = #74-Ubuntu SMP Tue Jan 13 19:36:28 UTC 2015

/usr/bin/uname -p = unknown
/bin/uname -X     = unknown

/bin/arch              = unknown
/usr/bin/arch -k       = unknown
/usr/convex/getsysinfo = unknown
/usr/bin/hostinfo      = unknown
/bin/machine           = unknown
/usr/bin/oslevel       = unknown
/bin/universe          = unknown

PATH: /usr/local/sbin
PATH: /usr/local/bin
PATH: /usr/sbin
PATH: /usr/bin
PATH: /sbin
PATH: /bin
PATH: /usr/games
PATH: /usr/local/games


## ----------- ##
## Core tests. ##
## ----------- ##

configure:2416: checking for a BSD-compatible install
configure:2484: result: /usr/bin/install -c
configure:2495: checking whether build environment is sane
configure:2550: result: yes
configure:2701: checking for a thread-safe mkdir -p
configure:2740: result: /bin/mkdir -p
configure:2747: checking for gawk
configure:2777: result: no
configure:2747: checking for mawk
configure:2763: found /usr/bin/mawk
configure:2774: result: mawk
configure:2785: checking whether make sets $(MAKE)
configure:2807: result: yes
configure:2836: checking whether make supports nested variables
configure:2853: result: yes
configure:3011: checking build system type
configure:3025: result: x86_64-unknown-linux-gnu
configure:3045: checking host system type
configure:3058: result: x86_64-unknown-linux-gnu
configure:3099: checking how to print strings
configure:3126: result: printf
configure:3159: checking for style of include used by make
configure:3187: result: GNU
configure:3258: checking for gcc
configure:3274: found /usr/bin/gcc
configure:3285: result: gcc
configure:3514: checking for C compiler version
configure:3523: gcc --version >&5
gcc (Ubuntu 4.8.2-19ubuntu1) 4.8.2
Copyright (C) 2013 Free Software Foundation, Inc.
This is free software; see the source for copying conditions.  There is NO
warranty; not even for MERCHANTABILITY or FITNESS FOR A PARTICULAR PURPOSE.

configure:3534: $? = 0
configure:3523: gcc -v >&5
Using built-in specs.
COLLECT_GCC=gcc
COLLECT_LTO_WRAPPER=/usr/lib/gcc/x86_64-linux-gnu/4.8/lto-wrapper
Target: x86_64-linux-gnu
Configured with: ../src/configure -v --with-pkgversion='Ubuntu 4.8.2-19ubuntu1' --with-bugurl=file:///usr/share/doc/gcc-4.8/README.Bugs --enable-languages=c,c++,java,go,d,fortran,objc,obj-c++ --prefix=/usr --program-suffix=-4.8 --enable-shared --enable-linker-build-id --libexecdir=/usr/lib --without-included-gettext --enable-threads=posix --with-gxx-include-dir=/usr/include/c++/4.8 --libdir=/usr/lib --enable-nls --with-sysroot=/ --enable-clocale=gnu --enable-libstdcxx-debug --enable-libstdcxx-time=yes --enable-gnu-unique-object --disable-libmudflap --enable-plugin --with-system-zlib --disable-browser-plugin --enable-java-awt=gtk --enable-gtk-cairo --with-java-home=/usr/lib/jvm/java-1.5.0-gcj-4.8-amd64/jre --enable-java-home --with-jvm-root-dir=/usr/lib/jvm/java-1.5.0-gcj-4.8-amd64 --with-jvm-jar-dir=/usr/lib/jvm-exports/java-1.5.0-gcj-4.8-amd64 --with-arch-directory=amd64 --with-ecj-jar=/usr/share/java/eclipse-ecj.jar --enable-objc-gc --enable-multiarch --disable-werror --with-arch-32=i686 --with-abi=m64 --with-multilib-list=m32,m64,mx32 --with-tune=generic --enable-checking=release --build=x86_64-linux-gnu --host=x86_64-linux-gnu --target=x86_64-linux-gnu
Thread model: posix
gcc version 4.8.2 (Ubuntu 4.8.2-19ubuntu1) 
configure:3534: $? = 0
configure:3523: gcc -V >&5
gcc: error: unrecognized command line option '-V'
gcc: fatal error: no input files
compilation terminated.
configure:3534: $? = 4
configure:3523: gcc -qversion >&5
gcc: error: unrecognized command line option '-qversion'
gcc: fatal error: no input files
compilation terminated.
configure:3534: $? = 4
configure:3554: checking whether the C compiler works
configure:3576: gcc    conftest.c  >&5
configure:3580: $? = 0
configure:3628: result: yes
configure:3631: checking for C compiler default output file name
configure:3633: result: a.out
configure:3639: checking for suffix of executables
configure:3646: gcc -o conftest    conftest.c  >&5
configure:3650: $? = 0
configure:3672: result: 
configure:3694: checking whether we are cross compiling
configure:3702: gcc -o conftest    conftest.c  >&5
configure:3706: $? = 0
configure:3713: ./conftest
configure:3717: $? = 0
configure:3732: result: no
configure:3737: checking for suffix of object files
configure:3759: gcc -c   conftest.c >&5
configure:3763: $? = 0
configure:3784: result: o
configure:3788: checking whether we are using the GNU C compiler
configure:3807: gcc -c   conftest.c >&5
configure:3807: $? = 0
configure:3816: result: yes
configure:3825: checking whether gcc accepts -g
configure:3845: gcc -c -g  conftest.c >&5
configure:3845: $? = 0
configure:3886: result: yes
configure:3903: checking for gcc option to accept ISO C89
configure:3966: gcc  -c -g -O2  conftest.c >&5
configure:3966: $? = 0
configure:3979: result: none needed
configure:4004: checking whether gcc understands -c and -o together
configure:4026: gcc -c conftest.c -o conftest2.o
configure:4029: $? = 0
configure:4026: gcc -c conftest.c -o conftest2.o
configure:4029: $? = 0
configure:4041: result: yes
configure:4060: checking dependency style of gcc
configure:4171: result: gcc3
configure:4186: checking for a sed that does not truncate output
configure:4250: result: /bin/sed
configure:4268: checking for grep that handles long lines and -e
configure:4326: result: /bin/grep
configure:4331: checking for egrep
configure:4393: result: /bin/grep -E
configure:4398: checking for fgrep
configure:4460: result: /bin/grep -F
configure:4495: checking for ld used by gcc
configure:4562: result: /usr/bin/ld
configure:4569: checking if the linker (/usr/bin/ld) is GNU ld
configure:4584: result: yes
configure:4596: checking for BSD- or MS-compatible name lister (nm)
configure:4645: result: /usr/bin/nm -B
configure:4775: checking the name lister (/usr/bin/nm -B) interface
configure:4782: gcc -c -g -O2  conftest.c >&5
configure:4785: /usr/bin/nm -B "conftest.o"
configure:4788: output
0000000000000000 B some_variable
configure:4795: result: BSD nm
configure:4798: checking whether ln -s works
configure:4802: result: yes
configure:4810: checking the maximum length of command line arguments
configure:4941: result: 1572864
configure:4958: checking whether the shell understands some XSI constructs
configure:4968: result: yes
configure:4972: checking whether the shell understands "+="
configure:4978: result: yes
configure:5013: checking how to convert x86_64-unknown-linux-gnu file names to x86_64-unknown-linux-gnu format
configure:5053: result: func_convert_file_noop
configure:5060: checking how to convert x86_64-unknown-linux-gnu file names to toolchain format
configure:5080: result: func_convert_file_noop
configure:5087: checking for /usr/bin/ld option to reload object files
configure:5094: result: -r
configure:5168: checking for objdump
configure:5184: found /usr/bin/objdump
configure:5195: result: objdump
configure:5227: checking how to recognize dependent libraries
configure:5425: result: pass_all
configure:5510: checking for dlltool
configure:5540: result: no
configure:5570: checking how to associate runtime and link libraries
configure:5597: result: printf %s\n
configure:5658: checking for ar
configure:5674: found /usr/bin/ar
configure:5685: result: ar
configure:5722: checking for archiver @FILE support
configure:5739: gcc -c -g -O2  conftest.c >&5
configure:5739: $? = 0
configure:5742: ar cru libconftest.a @conftest.lst >&5
configure:5745: $? = 0
configure:5750: ar cru libconftest.a @conftest.lst >&5
ar: conftest.o: No such file or directory
configure:5753: $? = 1
configure:5765: result: @
configure:5823: checking for strip
configure:5839: found /usr/bin/strip
configure:5850: result: strip
configure:5922: checking for ranlib
configure:5938: found /usr/bin/ranlib
configure:5949: result: ranlib
configure:6051: checking command to parse /usr/bin/nm -B output from gcc object
configure:6171: gcc -c -g -O2  conftest.c >&5
configure:6174: $? = 0
configure:6178: /usr/bin/nm -B conftest.o \| sed -n -e 's/^.*[ ]\([ABCDGIRSTW][ABCDGIRSTW]*\)[ ][ ]*\([_A-Za-z][_A-Za-z0-9]*\)$/\1 \2 \2/p' | sed '/ __gnu_lto/d' \> conftest.nm
configure:6181: $? = 0
configure:6247: gcc -o conftest -g -O2   conftest.c conftstm.o >&5
configure:6250: $? = 0
configure:6288: result: ok
configure:6325: checking for sysroot
configure:6355: result: no
configure:6432: gcc -c -g -O2  conftest.c >&5
configure:6435: $? = 0
configure:6624: checking for mt
configure:6640: found /bin/mt
configure:6651: result: mt
configure:6674: checking if mt is a manifest tool
configure:6680: mt '-?'
configure:6688: result: no
configure:7330: checking how to run the C preprocessor
configure:7361: gcc -E  conftest.c
configure:7361: $? = 0
configure:7375: gcc -E  conftest.c
conftest.c:11:28: fatal error: ac_nonexistent.h: No such file or directory
 #include <ac_nonexistent.h>
                            ^
compilation terminated.
configure:7375: $? = 1
configure: failed program was:
| /* confdefs.h */
| #define PACKAGE_NAME "MineClone"
| #define PACKAGE_TARNAME "mineclone"
| #define PACKAGE_VERSION "0.1"
| #define PACKAGE_STRING "MineClone 0.1"
| #define PACKAGE_BUGREPORT ""
| #define PACKAGE_URL ""
| #define PACKAGE "mineclone"
| #define VERSION "0.1"
| /* end confdefs.h.  */
| #include <ac_nonexistent.h>
configure:7400: result: gcc -E
configure:7420: gcc -E  conftest.c
configure:7420: $? = 0
configure:7434: gcc -E  conftest.c
conftest.c:11:28: fatal error: ac_nonexistent.h: No such file or directory
 #include <ac_nonexistent.h>
                            ^
compilation terminated.
configure:7434: $? = 1
configure: failed program was:
| /* confdefs.h */
| #define PACKAGE_NAME "MineClone"
| #define PACKAGE_TARNAME "mineclone"
| #define PACKAGE_VERSION "0.1"
| #define PACKAGE_STRING "MineClone 0.1"
| #define PACKAGE_BUGREPORT ""
| #define PACKAGE_URL ""
| #define PACKAGE "mineclone"
| #define VERSION "0.1"
| /* end confdefs.h.  */
| #include <ac_nonexistent.h>
configure:7463: checking for ANSI C header files
configure:7483: gcc -c -g -O2  conftest.c >&5
configure:7483: $? = 0
configure:7556: gcc -o conftest -g -O2   conftest.c  >&5
configure:7556: $? = 0
configure:7556: ./conftest
configure:7556: $? = 0
configure:7567: result: yes
configure:7580: checking for sys/types.h
configure:7580: gcc -c -g -O2  conftest.c >&5
configure:7580: $? = 0
configure:7580: result: yes
configure:7580: checking for sys/stat.h
configure:7580: gcc -c -g -O2  conftest.c >&5
configure:7580: $? = 0
configure:7580: result: yes
configure:7580: checking for stdlib.h
configure:7580: gcc -c -g -O2  conftest.c >&5
configure:7580: $? = 0
configure:7580: result: yes
configure:7580: checking for string.h
configure:7580: gcc -c -g -O2  conftest.c >&5
configure:7580: $? = 0
configure:7580: result: yes
configure:7580: checking for memory.h
configure:7580: gcc -c -g -O2  conftest.c >&5
configure:7580: $? = 0
configure:7580: result: yes
configure:7580: checking for strings.h
configure:7580: gcc -c -g -O2  conftest.c >&5
configure:7580: $? = 0
configure:7580: result: yes
configure:7580: checking for inttypes.h
configure:7580: gcc -c -g -O2  conftest.c >&5
configure:7580: $? = 0
configure:7580: result: yes
configure:7580: checking for stdint.h
configure:7580: gcc -c -g -O2  conftest.c >&5
configure:7580: $? = 0
configure:7580: result: yes
configure:7580: checking for unistd.h
configure:7580: gcc -c -g -O2  conftest.c >&5
configure:7580: $? = 0
configure:7580: result: yes
configure:7594: checking for dlfcn.h
configure:7594: gcc -c -g -O2  conftest.c >&5
configure:7594: $? = 0
configure:7594: result: yes
configure:7800: checking for objdir
configure:7815: result: .libs
configure:8086: checking if gcc supports -fno-rtti -fno-exceptions
configure:8104: gcc -c -g -O2  -fno-rtti -fno-exceptions conftest.c >&5
cc1: warning: command line option '-fno-rtti' is valid for C++/ObjC++ but not for C [enabled by default]
configure:8108: $? = 0
configure:8121: result: no
configure:8448: checking for gcc option to produce PIC
configure:8455: result: -fPIC -DPIC
configure:8463: checking if gcc PIC flag -fPIC -DPIC works
configure:8481: gcc -c -g -O2  -fPIC -DPIC -DPIC conftest.c >&5
configure:8485: $? = 0
configure:8498: result: yes
configure:8527: checking if gcc static flag -static works
configure:8555: result: yes
configure:8570: checking if gcc supports -c -o file.o
configure:8591: gcc -c -g -O2  -o out/conftest2.o conftest.c >&5
configure:8595: $? = 0
configure:8617: result: yes
configure:8625: checking if gcc supports -c -o file.o
configure:8672: result: yes
configure:8705: checking whether the gcc linker (/usr/bin/ld -m elf_x86_64) supports shared libraries
configure:9862: result: yes
configure:9899: checking whether -lc should be explicitly linked in
configure:9907: gcc -c -g -O2  conftest.c >&5
configure:9910: $? = 0
configure:9925: gcc -shared  -fPIC -DPIC conftest.o  -v -Wl,-soname -Wl,conftest -o conftest 2\>\&1 \| /bin/grep  -lc  \>/dev/null 2\>\&1
configure:9928: $? = 0
configure:9942: result: no
configure:10102: checking dynamic linker characteristics
configure:10602: gcc -o conftest -g -O2   -Wl,-rpath -Wl,/foo conftest.c  >&5
configure:10602: $? = 0
configure:10836: result: GNU/Linux ld.so
configure:10943: checking how to hardcode library paths into programs
configure:10968: result: immediate
configure:11508: checking whether stripping libraries is possible
configure:11513: result: yes
configure:11548: checking if libtool supports shared libraries
configure:11550: result: yes
configure:11553: checking whether to build shared libraries
configure:11574: result: yes
configure:11577: checking whether to build static libraries
configure:11581: result: yes
configure:11676: checking for g++
configure:11692: found /usr/bin/g++
configure:11703: result: g++
configure:11730: checking for C++ compiler version
configure:11739: g++ --version >&5
g++ (Ubuntu 4.8.2-19ubuntu1) 4.8.2
Copyright (C) 2013 Free Software Foundation, Inc.
This is free software; see the source for copying conditions.  There is NO
warranty; not even for MERCHANTABILITY or FITNESS FOR A PARTICULAR PURPOSE.

configure:11750: $? = 0
configure:11739: g++ -v >&5
Using built-in specs.
COLLECT_GCC=g++
COLLECT_LTO_WRAPPER=/usr/lib/gcc/x86_64-linux-gnu/4.8/lto-wrapper
Target: x86_64-linux-gnu
Configured with: ../src/configure -v --with-pkgversion='Ubuntu 4.8.2-19ubuntu1' --with-bugurl=file:///usr/share/doc/gcc-4.8/README.Bugs --enable-languages=c,c++,java,go,d,fortran,objc,obj-c++ --prefix=/usr --program-suffix=-4.8 --enable-shared --enable-linker-build-id --libexecdir=/usr/lib --without-included-gettext --enable-threads=posix --with-gxx-include-dir=/usr/include/c++/4.8 --libdir=/usr/lib --enable-nls --with-sysroot=/ --enable-clocale=gnu --enable-libstdcxx-debug --enable-libstdcxx-time=yes --enable-gnu-unique-object --disable-libmudflap --enable-plugin --with-system-zlib --disable-browser-plugin --enable-java-awt=gtk --enable-gtk-cairo --with-java-home=/usr/lib/jvm/java-1.5.0-gcj-4.8-amd64/jre --enable-java-home --with-jvm-root-dir=/usr/lib/jvm/java-1.5.0-gcj-4.8-amd64 --with-jvm-jar-dir=/usr/lib/jvm-exports/java-1.5.0-gcj-4.8-amd64 --with-arch-directory=amd64 --with-ecj-jar=/usr/share/java/eclipse-ecj.jar --enable-objc-gc --enable-multiarch --disable-werror --with-arch-32=i686 --with-abi=m64 --with-multilib-list=m32,m64,mx32 --with-tune=generic --enable-checking=release --build=x86_64-linux-gnu --host=x86_64-linux-gnu --target=x86_64-linux-gnu
Thread model: posix
gcc version 4.8.2 (Ubuntu 4.8.2-19ubuntu1) 
configure:11750: $? = 0
configure:11739: g++ -V >&5
g++: error: unrecognized command line option '-V'
g++: fatal error: no input files
compilation terminated.
configure:11750: $? = 4
configure:11739: g++ -qversion >&5
g++: error: unrecognized command line option '-qversion'
g++: fatal error: no input files
compilation terminated.
configure:11750: $? = 4
configure:11754: checking whether we are using the GNU C++ compiler
configure:11773: g++ -c   conftest.cpp >&5
configure:11773: $? = 0
configure:11782: result: yes
configure:11791: checking whether g++ accepts -g
configure:11811: g++ -c -g  conftest.cpp >&5
configure:11811: $? = 0
configure:11852: result: yes
configure:11877: checking dependency style of g++
configure:11988: result: gcc3
configure:12021: checking how to run the C++ preprocessor
configure:12048: g++ -E  conftest.cpp
configure:12048: $? = 0
configure:12062: g++ -E  conftest.cpp
conftest.cpp:23:28: fatal error: ac_nonexistent.h: No such file or directory
 #include <ac_nonexistent.h>
                            ^
compilation terminated.
configure:12062: $? = 1
configure: failed program was:
| /* confdefs.h */
| #define PACKAGE_NAME "MineClone"
| #define PACKAGE_TARNAME "mineclone"
| #define PACKAGE_VERSION "0.1"
| #define PACKAGE_STRING "MineClone 0.1"
| #define PACKAGE_BUGREPORT ""
| #define PACKAGE_URL ""
| #define PACKAGE "mineclone"
| #define VERSION "0.1"
| #define STDC_HEADERS 1
| #define HAVE_SYS_TYPES_H 1
| #define HAVE_SYS_STAT_H 1
| #define HAVE_STDLIB_H 1
| #define HAVE_STRING_H 1
| #define HAVE_MEMORY_H 1
| #define HAVE_STRINGS_H 1
| #define HAVE_INTTYPES_H 1
| #define HAVE_STDINT_H 1
| #define HAVE_UNISTD_H 1
| #define HAVE_DLFCN_H 1
| #define LT_OBJDIR ".libs/"
| /* end confdefs.h.  */
| #include <ac_nonexistent.h>
configure:12087: result: g++ -E
configure:12107: g++ -E  conftest.cpp
configure:12107: $? = 0
configure:12121: g++ -E  conftest.cpp
conftest.cpp:23:28: fatal error: ac_nonexistent.h: No such file or directory
 #include <ac_nonexistent.h>
                            ^
compilation terminated.
configure:12121: $? = 1
configure: failed program was:
| /* confdefs.h */
| #define PACKAGE_NAME "MineClone"
| #define PACKAGE_TARNAME "mineclone"
| #define PACKAGE_VERSION "0.1"
| #define PACKAGE_STRING "MineClone 0.1"
| #define PACKAGE_BUGREPORT ""
| #define PACKAGE_URL ""
| #define PACKAGE "mineclone"
| #define VERSION "0.1"
| #define STDC_HEADERS 1
| #define HAVE_SYS_TYPES_H 1
| #define HAVE_SYS_STAT_H 1
| #define HAVE_STDLIB_H 1
| #define HAVE_STRING_H 1
| #define HAVE_MEMORY_H 1
| #define HAVE_STRINGS_H 1
| #define HAVE_INTTYPES_H 1
| #define HAVE_STDINT_H 1
| #define HAVE_UNISTD_H 1
| #define HAVE_DLFCN_H 1
| #define LT_OBJDIR ".libs/"
| /* end confdefs.h.  */
| #include <ac_nonexistent.h>
configure:12290: checking for ld used by g++
configure:12357: result: /usr/bin/ld -m elf_x86_64
configure:12364: checking if the linker (/usr/bin/ld -m elf_x86_64) is GNU ld
configure:12379: result: yes
configure:12434: checking whether the g++ linker (/usr/bin/ld -m elf_x86_64) supports shared libraries
configure:13436: result: yes
configure:13472: g++ -c -g -O2  conftest.cpp >&5
configure:13475: $? = 0
configure:13995: checking for g++ option to produce PIC
configure:14002: result: -fPIC -DPIC
configure:14010: checking if g++ PIC flag -fPIC -DPIC works
configure:14028: g++ -c -g -O2  -fPIC -DPIC -DPIC conftest.cpp >&5
configure:14032: $? = 0
configure:14045: result: yes
configure:14068: checking if g++ static flag -static works
configure:14096: result: yes
configure:14108: checking if g++ supports -c -o file.o
configure:14129: g++ -c -g -O2  -o out/conftest2.o conftest.cpp >&5
configure:14133: $? = 0
configure:14155: result: yes
configure:14160: checking if g++ supports -c -o file.o
configure:14207: result: yes
configure:14237: checking whether the g++ linker (/usr/bin/ld -m elf_x86_64) supports shared libraries
configure:14276: result: yes
configure:14417: checking dynamic linker characteristics
configure:15085: result: GNU/Linux ld.so
configure:15138: checking how to hardcode library paths into programs
configure:15163: result: immediate
configure:15211: checking glm/glm.hpp usability
configure:15211: g++ -c -g -O2  conftest.cpp >&5
configure:15211: $? = 0
configure:15211: result: yes
configure:15211: checking glm/glm.hpp presence
configure:15211: g++ -E  conftest.cpp
configure:15211: $? = 0
configure:15211: result: yes
configure:15211: checking for glm/glm.hpp
configure:15211: result: yes
configure:15275: checking for pkg-config
configure:15293: found /usr/bin/pkg-config
configure:15305: result: /usr/bin/pkg-config
configure:15330: checking pkg-config is at least version 0.9.0
configure:15333: result: yes
configure:15343: checking for gl
configure:15350: $PKG_CONFIG --exists --print-errors "gl"
configure:15353: $? = 0
configure:15367: $PKG_CONFIG --exists --print-errors "gl"
configure:15370: $? = 0
configure:15428: result: yes
configure:15434: checking for glew
configure:15441: $PKG_CONFIG --exists --print-errors "glew"
configure:15444: $? = 0
configure:15458: $PKG_CONFIG --exists --print-errors "glew"
configure:15461: $? = 0
configure:15519: result: yes
configure:15525: checking for sdl2
configure:15532: $PKG_CONFIG --exists --print-errors "sdl2"
configure:15535: $? = 0
configure:15549: $PKG_CONFIG --exists --print-errors "sdl2"
configure:15552: $? = 0
configure:15610: result: yes
configure:15616: checking for sdl2_image
configure:15623: $PKG_CONFIG --exists --print-errors "SDL2_image"
configure:15626: $? = 0
configure:15640: $PKG_CONFIG --exists --print-errors "SDL2_image"
configure:15643: $? = 0
configure:15701: result: yes
configure:15817: checking that generated files are newer than configure
configure:15823: result: done
configure:15850: creating ./config.status

## ---------------------- ##
## Running config.status. ##
## ---------------------- ##

This file was extended by MineClone config.status 0.1, which was
generated by GNU Autoconf 2.69.  Invocation command line was

  CONFIG_FILES    = 
  CONFIG_HEADERS  = 
  CONFIG_LINKS    = 
  CONFIG_COMMANDS = 
  $ ./config.status 

on linux-pos

config.status:1156: creating Makefile
config.status:1156: creating src/Makefile
config.status:1156: creating shaders/Makefile
config.status:1156: creating config.h
config.status:1385: executing depfiles commands
config.status:1385: executing libtool commands

## ---------------- ##
## Cache variables. ##
## ---------------- ##

ac_cv_build=x86_64-unknown-linux-gnu
ac_cv_c_compiler_gnu=yes
ac_cv_cxx_compiler_gnu=yes
ac_cv_env_CCC_set=
ac_cv_env_CCC_value=
ac_cv_env_CC_set=
ac_cv_env_CC_value=
ac_cv_env_CFLAGS_set=
ac_cv_env_CFLAGS_value=
ac_cv_env_CPPFLAGS_set=
ac_cv_env_CPPFLAGS_value=
ac_cv_env_CPP_set=
ac_cv_env_CPP_value=
ac_cv_env_CXXCPP_set=
ac_cv_env_CXXCPP_value=
ac_cv_env_CXXFLAGS_set=
ac_cv_env_CXXFLAGS_value=
ac_cv_env_CXX_set=
ac_cv_env_CXX_value=
ac_cv_env_LDFLAGS_set=
ac_cv_env_LDFLAGS_value=
ac_cv_env_LIBS_set=
ac_cv_env_LIBS_value=
ac_cv_env_PKG_CONFIG_LIBDIR_set=
ac_cv_env_PKG_CONFIG_LIBDIR_value=
ac_cv_env_PKG_CONFIG_PATH_set=
ac_cv_env_PKG_CONFIG_PATH_value=
ac_cv_env_PKG_CONFIG_set=
ac_cv_env_PKG_CONFIG_value=
ac_cv_env_build_alias_set=
ac_cv_env_build_alias_value=
ac_cv_env_gl_CFLAGS_set=
ac_cv_env_gl_CFLAGS_value=
ac_cv_env_gl_LIBS_set=
ac_cv_env_gl_LIBS_value=
ac_cv_env_glew_CFLAGS_set=
ac_cv_env_glew_CFLAGS_value=
ac_cv_env_glew_LIBS_set=
ac_cv_env_glew_LIBS_value=
ac_cv_env_host_alias_set=
ac_cv_env_host_alias_value=
ac_cv_env_sdl2_CFLAGS_set=
ac_cv_env_sdl2_CFLAGS_value=
ac_cv_env_sdl2_LIBS_set=
ac_cv_env_sdl2_LIBS_value=
ac_cv_env_sdl2_image_CFLAGS_set=
ac_cv_env_sdl2_image_CFLAGS_value=
ac_cv_env_sdl2_image_LIBS_set=
ac_cv_env_sdl2_image_LIBS_value=
ac_cv_env_target_alias_set=
ac_cv_env_target_alias_value=
ac_cv_header_dlfcn_h=yes
ac_cv_header_glm_glm_hpp=yes
ac_cv_header_inttypes_h=yes
ac_cv_header_memory_h=yes
ac_cv_header_stdc=yes
ac_cv_header_stdint_h=yes
ac_cv_header_stdlib_h=yes
ac_cv_header_string_h=yes
ac_cv_header_strings_h=yes
ac_cv_header_sys_stat_h=yes
ac_cv_header_sys_types_h=yes
ac_cv_header_unistd_h=yes
ac_cv_host=x86_64-unknown-linux-gnu
ac_cv_objext=o
ac_cv_path_EGREP='/bin/grep -E'
ac_cv_path_FGREP='/bin/grep -F'
ac_cv_path_GREP=/bin/grep
ac_cv_path_SED=/bin/sed
ac_cv_path_ac_pt_PKG_CONFIG=/usr/bin/pkg-config
ac_cv_path_install='/usr/bin/install -c'
ac_cv_path_mkdir=/bin/mkdir
ac_cv_prog_AWK=mawk
ac_cv_prog_CPP='gcc -E'
ac_cv_prog_CXXCPP='g++ -E'
ac_cv_prog_ac_ct_AR=ar
ac_cv_prog_ac_ct_CC=gcc
ac_cv_prog_ac_ct_CXX=g++
ac_cv_prog_ac_ct_MANIFEST_TOOL=mt
ac_cv_prog_ac_ct_OBJDUMP=objdump
ac_cv_prog_ac_ct_RANLIB=ranlib
ac_cv_prog_ac_ct_STRIP=strip
ac_cv_prog_cc_c89=
ac_cv_prog_cc_g=yes
ac_cv_prog_cxx_g=yes
ac_cv_prog_make_make_set=yes
am_cv_CC_dependencies_compiler_type=gcc3
am_cv_CXX_dependencies_compiler_type=gcc3
am_cv_make_support_nested_variables=yes
am_cv_prog_cc_c_o=yes
lt_cv_ar_at_file=@
lt_cv_archive_cmds_need_lc=no
lt_cv_deplibs_check_method=pass_all
lt_cv_file_magic_cmd='$MAGIC_CMD'
lt_cv_file_magic_test_file=
lt_cv_ld_reload_flag=-r
lt_cv_nm_interface='BSD nm'
lt_cv_objdir=.libs
lt_cv_path_LD=/usr/bin/ld
lt_cv_path_LDCXX='/usr/bin/ld -m elf_x86_64'
lt_cv_path_NM='/usr/bin/nm -B'
lt_cv_path_mainfest_tool=no
lt_cv_prog_compiler_c_o=yes
lt_cv_prog_compiler_c_o_CXX=yes
lt_cv_prog_compiler_pic='-fPIC -DPIC'
lt_cv_prog_compiler_pic_CXX='-fPIC -DPIC'
lt_cv_prog_compiler_pic_works=yes
lt_cv_prog_compiler_pic_works_CXX=yes
lt_cv_prog_compiler_rtti_exceptions=no
lt_cv_prog_compiler_static_works=yes
lt_cv_prog_compiler_static_works_CXX=yes
lt_cv_prog_gnu_ld=yes
lt_cv_prog_gnu_ldcxx=yes
lt_cv_sharedlib_from_linklib_cmd='printf %s\n'
lt_cv_shlibpath_overrides_runpath=no
lt_cv_sys_global_symbol_pipe='sed -n -e '\''s/^.*[	 ]\([ABCDGIRSTW][ABCDGIRSTW]*\)[	 ][	 ]*\([_A-Za-z][_A-Za-z0-9]*\)$/\1 \2 \2/p'\'' | sed '\''/ __gnu_lto/d'\'''
lt_cv_sys_global_symbol_to_c_name_address='sed -n -e '\''s/^: \([^ ]*\)[ ]*$/  {\"\1\", (void *) 0},/p'\'' -e '\''s/^[ABCDGIRSTW]* \([^ ]*\) \([^ ]*\)$/  {"\2", (void *) \&\2},/p'\'''
lt_cv_sys_global_symbol_to_c_name_address_lib_prefix='sed -n -e '\''s/^: \([^ ]*\)[ ]*$/  {\"\1\", (void *) 0},/p'\'' -e '\''s/^[ABCDGIRSTW]* \([^ ]*\) \(lib[^ ]*\)$/  {"\2", (void *) \&\2},/p'\'' -e '\''s/^[ABCDGIRSTW]* \([^ ]*\) \([^ ]*\)$/  {"lib\2", (void *) \&\2},/p'\'''
lt_cv_sys_global_symbol_to_cdecl='sed -n -e '\''s/^T .* \(.*\)$/extern int \1();/p'\'' -e '\''s/^[ABCDGIRSTW]* .* \(.*\)$/extern char \1;/p'\'''
lt_cv_sys_max_cmd_len=1572864
lt_cv_to_host_file_cmd=func_convert_file_noop
lt_cv_to_tool_file_cmd=func_convert_file_noop
pkg_cv_gl_CFLAGS='-I/usr/include/libdrm  '
pkg_cv_gl_LIBS='-lGL  '
pkg_cv_glew_CFLAGS='-I/usr/include/GL -I/usr/include/libdrm  '
pkg_cv_glew_LIBS='-lGLEW -lGLU -lGL  '
pkg_cv_sdl2_CFLAGS='-D_REENTRANT -I/usr/include/SDL2  '
pkg_cv_sdl2_LIBS='-lSDL2  '
pkg_cv_sdl2_image_CFLAGS='-D_REENTRANT -I/usr/include/SDL2  '
pkg_cv_sdl2_image_LIBS='-lSDL2_image -lSDL2  '

## ----------------- ##
## Output variables. ##
## ----------------- ##

ACLOCAL='${SHELL} /home/richard/projects/CI224-Sem2/missing aclocal-1.14'
AMDEPBACKSLASH='\'
AMDEP_FALSE='#'
AMDEP_TRUE=''
AMTAR='$${TAR-tar}'
AM_BACKSLASH='\'
AM_DEFAULT_V='$(AM_DEFAULT_VERBOSITY)'
AM_DEFAULT_VERBOSITY='1'
AM_V='$(V)'
AR='ar'
AUTOCONF='${SHELL} /home/richard/projects/CI224-Sem2/missing autoconf'
AUTOHEADER='${SHELL} /home/richard/projects/CI224-Sem2/missing autoheader'
AUTOMAKE='${SHELL} /home/richard/projects/CI224-Sem2/missing automake-1.14'
AWK='mawk'
CC='gcc'
CCDEPMODE='depmode=gcc3'
CFLAGS='-g -O2'
CPP='gcc -E'
CPPFLAGS=''
CXX='g++'
CXXCPP='g++ -E'
CXXDEPMODE='depmode=gcc3'
CXXFLAGS='-g -O2'
CYGPATH_W='echo'
DEFS='-DHAVE_CONFIG_H'
DEPDIR='.deps'
DLLTOOL='false'
DSYMUTIL=''
DUMPBIN=''
ECHO_C=''
ECHO_N='-n'
ECHO_T=''
EGREP='/bin/grep -E'
EXEEXT=''
FGREP='/bin/grep -F'
GREP='/bin/grep'
INSTALL_DATA='${INSTALL} -m 644'
INSTALL_PROGRAM='${INSTALL}'
INSTALL_SCRIPT='${INSTALL}'
INSTALL_STRIP_PROGRAM='$(install_sh) -c -s'
LD='/usr/bin/ld -m elf_x86_64'
LDFLAGS=''
LIBOBJS=''
LIBS=''
LIBTOOL='$(SHELL) $(top_builddir)/libtool'
LIPO=''
LN_S='ln -s'
LTLIBOBJS=''
MAKEINFO='${SHELL} /home/richard/projects/CI224-Sem2/missing makeinfo'
MANIFEST_TOOL=':'
MKDIR_P='/bin/mkdir -p'
NM='/usr/bin/nm -B'
NMEDIT=''
OBJDUMP='objdump'
OBJEXT='o'
OTOOL64=''
OTOOL=''
PACKAGE='mineclone'
PACKAGE_BUGREPORT=''
PACKAGE_NAME='MineClone'
PACKAGE_STRING='MineClone 0.1'
PACKAGE_TARNAME='mineclone'
PACKAGE_URL=''
PACKAGE_VERSION='0.1'
PATH_SEPARATOR=':'
PKG_CONFIG='/usr/bin/pkg-config'
PKG_CONFIG_LIBDIR=''
PKG_CONFIG_PATH=''
RANLIB='ranlib'
SED='/bin/sed'
SET_MAKE=''
SHELL='/bin/bash'
STRIP='strip'
VERSION='0.1'
ac_ct_AR='ar'
ac_ct_CC='gcc'
ac_ct_CXX='g++'
ac_ct_DUMPBIN=''
am__EXEEXT_FALSE=''
am__EXEEXT_TRUE='#'
am__fastdepCC_FALSE='#'
am__fastdepCC_TRUE=''
am__fastdepCXX_FALSE='#'
am__fastdepCXX_TRUE=''
am__include='include'
am__isrc=''
am__leading_dot='.'
am__nodep='_no'
am__quote=''
am__tar='$${TAR-tar} chof - "$$tardir"'
am__untar='$${TAR-tar} xf -'
bindir='${exec_prefix}/bin'
build='x86_64-unknown-linux-gnu'
build_alias=''
build_cpu='x86_64'
build_os='linux-gnu'
build_vendor='unknown'
datadir='${datarootdir}'
datarootdir='${prefix}/share'
docdir='${datarootdir}/doc/${PACKAGE_TARNAME}'
dvidir='${docdir}'
exec_prefix='${prefix}'
gl_CFLAGS='-I/usr/include/libdrm  '
gl_LIBS='-lGL  '
glew_CFLAGS='-I/usr/include/GL -I/usr/include/libdrm  '
glew_LIBS='-lGLEW -lGLU -lGL  '
host='x86_64-unknown-linux-gnu'
host_alias=''
host_cpu='x86_64'
host_os='linux-gnu'
host_vendor='unknown'
htmldir='${docdir}'
includedir='${prefix}/include'
infodir='${datarootdir}/info'
install_sh='${SHELL} /home/richard/projects/CI224-Sem2/install-sh'
libdir='${exec_prefix}/lib'
libexecdir='${exec_prefix}/libexec'
localedir='${datarootdir}/locale'
localstatedir='${prefix}/var'
mandir='${datarootdir}/man'
mkdir_p='$(MKDIR_P)'
oldincludedir='/usr/include'
pdfdir='${docdir}'
prefix='/usr/local'
program_transform_name='s,x,x,'
psdir='${docdir}'
sbindir='${exec_prefix}/sbin'
sdl2_CFLAGS='-D_REENTRANT -I/usr/include/SDL2  '
sdl2_LIBS='-lSDL2  '
sdl2_image_CFLAGS='-D_REENTRANT -I/usr/include/SDL2  '
sdl2_image_LIBS='-lSDL2_image -lSDL2  '
sharedstatedir='${prefix}/com'
sysconfdir='${prefix}/etc'
target_alias=''

## ----------- ##
## confdefs.h. ##
## ----------- ##

/* confdefs.h */
#define PACKAGE_NAME "MineClone"
#define PACKAGE_TARNAME "mineclone"
#define PACKAGE_VERSION "0.1"
#define PACKAGE_STRING "MineClone 0.1"
#define PACKAGE_BUGREPORT ""
#define PACKAGE_URL ""
#define PACKAGE "mineclone"
#define VERSION "0.1"
#define STDC_HEADERS 1
#define HAVE_SYS_TYPES_H 1
#define HAVE_SYS_STAT_H 1
#define HAVE_STDLIB_H 1
#define HAVE_STRING_H 1
#define HAVE_MEMORY_H 1
#define HAVE_STRINGS_H 1
#define HAVE_INTTYPES_H 1
#define HAVE_STDINT_H 1
#define HAVE_UNISTD_H 1
#define HAVE_DLFCN_H 1
#define LT_OBJDIR ".libs/"

configure: exit 0

## ---------------------- ##
## Running config.status. ##
## ---------------------- ##

This file was extended by MineClone config.status 0.1, which was
generated by GNU Autoconf 2.69.  Invocation command line was

  CONFIG_FILES    = 
  CONFIG_HEADERS  = 
  CONFIG_LINKS    = 
  CONFIG_COMMANDS = 
  $ ./config.status shaders/Makefile

on linux-pos

config.status:1156: creating shaders/Makefile

## ---------------------- ##
## Running config.status. ##
## ---------------------- ##

This file was extended by MineClone config.status 0.1, which was
generated by GNU Autoconf 2.69.  Invocation command line was

  CONFIG_FILES    = 
  CONFIG_HEADERS  = 
  CONFIG_LINKS    = 
  CONFIG_COMMANDS = 
  $ ./config.status config.h

on linux-pos

config.status:1156: creating config.h
config.status:1337: config.h is unchanged
